# JRE version: Java(TM) SE Runtime Environment (8.0_191-b12) (build 1.8.0_191-b12)
# Java VM: Java HotSpot(TM) 64-Bit Server VM (25.191-b12 mixed mode windows-amd64 compressed oops)
Heap:
 PSYoungGen      total 63488K, used 28091K [0x00000000d5900000, 0x00000000dbe80000, 0x0000000100000000)
  eden space 62464K, 43% used [0x00000000d5900000,0x00000000d73cac18,0x00000000d9600000)
  from space 1024K, 64% used [0x00000000dbd80000,0x00000000dbe243b0,0x00000000dbe80000)
  to   space 2048K, 0% used [0x00000000dba80000,0x00000000dba80000,0x00000000dbc80000)
 ParOldGen       total 87552K, used 2617K [0x0000000080a00000, 0x0000000085f80000, 0x00000000d5900000)
  object space 87552K, 2% used [0x0000000080a00000,0x0000000080c8e560,0x0000000085f80000)
 Metaspace       used 12751K, capacity 12992K, committed 13056K, reserved 1060864K
  class space    used 1638K, capacity 1738K, committed 1792K, reserved 1048576K
GC Heap History (10 events):
Event: 9.946 GC heap before
{Heap before GC invocations=32 (full 0):
 PSYoungGen      total 75264K, used 72899K [0x00000000d5900000, 0x00000000dc380000, 0x0000000100000000)
  eden space 72704K, 99% used [0x00000000d5900000,0x00000000d9ff0c78,0x00000000da000000)
  from space 2560K, 10% used [0x00000000dbe80000,0x00000000dbec0000,0x00000000dc100000)
  to   space 2560K, 0% used [0x00000000dc100000,0x00000000dc100000,0x00000000dc380000)
 ParOldGen       total 87552K, used 2481K [0x0000000080a00000, 0x0000000085f80000, 0x00000000d5900000)
  object space 87552K, 2% used [0x0000000080a00000,0x0000000080c6c560,0x0000000085f80000)
 Metaspace       used 12602K, capacity 12864K, committed 13056K, reserved 1060864K
  class space    used 1637K, capacity 1738K, committed 1792K, reserved 1048576K
Event: 9.947 GC heap after
Heap after GC invocations=32 (full 0):
 PSYoungGen      total 71168K, used 256K [0x00000000d5900000, 0x00000000dc180000, 0x0000000100000000)
  eden space 70656K, 0% used [0x00000000d5900000,0x00000000d5900000,0x00000000d9e00000)
  from space 512K, 50% used [0x00000000dc100000,0x00000000dc140000,0x00000000dc180000)
  to   space 2560K, 0% used [0x00000000dbc80000,0x00000000dbc80000,0x00000000dbf00000)
 ParOldGen       total 87552K, used 2513K [0x0000000080a00000, 0x0000000085f80000, 0x00000000d5900000)
  object space 87552K, 2% used [0x0000000080a00000,0x0000000080c74560,0x0000000085f80000)
 Metaspace       used 12602K, capacity 12864K, committed 13056K, reserved 1060864K
  class space    used 1637K, capacity 1738K, committed 1792K, reserved 1048576K
}
Event: 10.258 GC heap before
{Heap before GC invocations=33 (full 0):
 PSYoungGen      total 71168K, used 70912K [0x00000000d5900000, 0x00000000dc180000, 0x0000000100000000)
  eden space 70656K, 100% used [0x00000000d5900000,0x00000000d9e00000,0x00000000d9e00000)
  from space 512K, 50% used [0x00000000dc100000,0x00000000dc140000,0x00000000dc180000)
  to   space 2560K, 0% used [0x00000000dbc80000,0x00000000dbc80000,0x00000000dbf00000)
 ParOldGen       total 87552K, used 2513K [0x0000000080a00000, 0x0000000085f80000, 0x00000000d5900000)
  object space 87552K, 2% used [0x0000000080a00000,0x0000000080c74560,0x0000000085f80000)
 Metaspace       used 12648K, capacity 12928K, committed 13056K, reserved 1060864K
  class space    used 1637K, capacity 1738K, committed 1792K, reserved 1048576K
Event: 10.259 GC heap after
Heap after GC invocations=33 (full 0):
 PSYoungGen      total 71168K, used 160K [0x00000000d5900000, 0x00000000dc180000, 0x0000000100000000)
  eden space 68608K, 0% used [0x00000000d5900000,0x00000000d5900000,0x00000000d9c00000)
  from space 2560K, 6% used [0x00000000dbc80000,0x00000000dbca8000,0x00000000dbf00000)
  to   space 2560K, 0% used [0x00000000dbf00000,0x00000000dbf00000,0x00000000dc180000)
 ParOldGen       total 87552K, used 2545K [0x0000000080a00000, 0x0000000085f80000, 0x00000000d5900000)
  object space 87552K, 2% used [0x0000000080a00000,0x0000000080c7c560,0x0000000085f80000)
 Metaspace       used 12648K, capacity 12928K, committed 13056K, reserved 1060864K
  class space    used 1637K, capacity 1738K, committed 1792K, reserved 1048576K
}
Event: 10.546 GC heap before
{Heap before GC invocations=34 (full 0):
 PSYoungGen      total 71168K, used 68768K [0x00000000d5900000, 0x00000000dc180000, 0x0000000100000000)
  eden space 68608K, 100% used [0x00000000d5900000,0x00000000d9c00000,0x00000000d9c00000)
  from space 2560K, 6% used [0x00000000dbc80000,0x00000000dbca8000,0x00000000dbf00000)
  to   space 2560K, 0% used [0x00000000dbf00000,0x00000000dbf00000,0x00000000dc180000)
 ParOldGen       total 87552K, used 2545K [0x0000000080a00000, 0x0000000085f80000, 0x00000000d5900000)
  object space 87552K, 2% used [0x0000000080a00000,0x0000000080c7c560,0x0000000085f80000)
 Metaspace       used 12662K, capacity 12928K, committed 13056K, reserved 1060864K
  class space    used 1637K, capacity 1738K, committed 1792K, reserved 1048576K
Event: 10.550 GC heap after
Heap after GC invocations=34 (full 0):
 PSYoungGen      total 67072K, used 192K [0x00000000d5900000, 0x00000000dbf80000, 0x0000000100000000)
  eden space 66560K, 0% used [0x00000000d5900000,0x00000000d5900000,0x00000000d9a00000)
  from space 512K, 37% used [0x00000000dbf00000,0x00000000dbf30000,0x00000000dbf80000)
  to   space 2048K, 0% used [0x00000000dbb80000,0x00000000dbb80000,0x00000000dbd80000)
 ParOldGen       total 87552K, used 2569K [0x0000000080a00000, 0x0000000085f80000, 0x00000000d5900000)
  object space 87552K, 2% used [0x0000000080a00000,0x0000000080c82560,0x0000000085f80000)
 Metaspace       used 12662K, capacity 12928K, committed 13056K, reserved 1060864K
  class space    used 1637K, capacity 1738K, committed 1792K, reserved 1048576K
}
Event: 10.838 GC heap before
{Heap before GC invocations=35 (full 0):
 PSYoungGen      total 67072K, used 66752K [0x00000000d5900000, 0x00000000dbf80000, 0x0000000100000000)
  eden space 66560K, 100% used [0x00000000d5900000,0x00000000d9a00000,0x00000000d9a00000)
  from space 512K, 37% used [0x00000000dbf00000,0x00000000dbf30000,0x00000000dbf80000)
  to   space 2048K, 0% used [0x00000000dbb80000,0x00000000dbb80000,0x00000000dbd80000)
 ParOldGen       total 87552K, used 2569K [0x0000000080a00000, 0x0000000085f80000, 0x00000000d5900000)
  object space 87552K, 2% used [0x0000000080a00000,0x0000000080c82560,0x0000000085f80000)
 Metaspace       used 12697K, capacity 12928K, committed 13056K, reserved 1060864K
  class space    used 1637K, capacity 1738K, committed 1792K, reserved 1048576K
Event: 10.839 GC heap after
Heap after GC invocations=35 (full 0):
 PSYoungGen      total 66560K, used 160K [0x00000000d5900000, 0x00000000dbf80000, 0x0000000100000000)
  eden space 64512K, 0% used [0x00000000d5900000,0x00000000d5900000,0x00000000d9800000)
  from space 2048K, 7% used [0x00000000dbb80000,0x00000000dbba8000,0x00000000dbd80000)
  to   space 2048K, 0% used [0x00000000dbd80000,0x00000000dbd80000,0x00000000dbf80000)
 ParOldGen       total 87552K, used 2593K [0x0000000080a00000, 0x0000000085f80000, 0x00000000d5900000)
  object space 87552K, 2% used [0x0000000080a00000,0x0000000080c88560,0x0000000085f80000)
 Metaspace       used 12697K, capacity 12928K, committed 13056K, reserved 1060864K
  class space    used 1637K, capacity 1738K, committed 1792K, reserved 1048576K
}
Event: 11.149 GC heap before
{Heap before GC invocations=36 (full 0):
 PSYoungGen      total 66560K, used 64672K [0x00000000d5900000, 0x00000000dbf80000, 0x0000000100000000)
  eden space 64512K, 100% used [0x00000000d5900000,0x00000000d9800000,0x00000000d9800000)
  from space 2048K, 7% used [0x00000000dbb80000,0x00000000dbba8000,0x00000000dbd80000)
  to   space 2048K, 0% used [0x00000000dbd80000,0x00000000dbd80000,0x00000000dbf80000)
 ParOldGen       total 87552K, used 2593K [0x0000000080a00000, 0x0000000085f80000, 0x00000000d5900000)
  object space 87552K, 2% used [0x0000000080a00000,0x0000000080c88560,0x0000000085f80000)
 Metaspace       used 12699K, capacity 12928K, committed 13056K, reserved 1060864K
  class space    used 1637K, capacity 1738K, committed 1792K, reserved 1048576K
Event: 11.152 GC heap after
Heap after GC invocations=36 (full 0):
 PSYoungGen      total 63488K, used 656K [0x00000000d5900000, 0x00000000dbe80000, 0x0000000100000000)
  eden space 62464K, 0% used [0x00000000d5900000,0x00000000d5900000,0x00000000d9600000)
  from space 1024K, 64% used [0x00000000dbd80000,0x00000000dbe243b0,0x00000000dbe80000)
  to   space 2048K, 0% used [0x00000000dba80000,0x00000000dba80000,0x00000000dbc80000)
 ParOldGen       total 87552K, used 2617K [0x0000000080a00000, 0x0000000085f80000, 0x00000000d5900000)
  object space 87552K, 2% used [0x0000000080a00000,0x0000000080c8e560,0x0000000085f80000)
 Metaspace       used 12699K, capacity 12928K, committed 13056K, reserved 1060864K
  class space    used 1637K, capacity 1738K, committed 1792K, reserved 1048576K
}

